<?xml version="1.0" encoding="UTF-8"?>
<!-- Generated by org.testng.reporters.JUnitXMLReporter -->
<testsuite ignored="1" hostname="kite-Acer-one-14-Z476" failures="1" tests="1" name="Regression(failed)" time="6.141" errors="0" timestamp="2022-02-02T16:15:18 IST">
  <testcase classname="com.swaglabs1.scripts.TestClass" name="verifyValidLogin" time="2.385">
    <failure type="java.lang.AssertionError" message="expected:&amp;lt;Swag4356768 Labs&amp;gt; but was:&amp;lt;Swag Labs&amp;gt;">
      <![CDATA[java.lang.AssertionError: expected:<Swag4356768 Labs> but was:<Swag Labs>
at com.swaglabs1.scripts.TestClass.verifyValidLogin(TestClass.java:55)
at java.base/java.util.ArrayList.forEach(ArrayList.java:1541)
... Removed 29 stack frames]]>
    </failure>
  </testcase> <!-- verifyValidLogin -->
  <testcase classname="com.swaglabs1.scripts.TestClass" name="verifyInValidLogin" time="0.0">
    <ignored/>
  </testcase> <!-- verifyInValidLogin -->
</testsuite> <!-- Regression(failed) -->
